<?xml version="1.0" encoding="UTF-8"?>
<!-- Generated by org.testng.reporters.JUnitXMLReporter -->
<testsuite ignored="0" hostname="INNOIL00514" failures="0" tests="2" name="Default test" time="16.535" errors="0" timestamp="2025-12-31T21:50:35 IST">
  <testcase classname="com.qa.opencart.tests.RegistrationPageTest" name="userRegistrationPageTest" time="2.643"/>
  <testcase classname="com.qa.opencart.tests.RegistrationPageTest" name="userRegistrationPageTest" time="3.026"/>
</testsuite> <!-- Default test -->
