<?xml version="1.0" encoding="UTF-8"?>
<!-- Generated by org.testng.reporters.JUnitXMLReporter -->
<testsuite ignored="0" hostname="INNOIL00514" failures="0" tests="6" name="AccountPage Test " time="34.6" errors="0" timestamp="2026-01-03T20:06:47 IST">
  <testcase classname="com.qa.opencart.tests.AccountPageTest" name="accountPageHeadersTest" time="1.096"/>
  <testcase classname="com.qa.opencart.tests.AccountPageTest" name="accountPageTitleTest" time="0.04"/>
  <testcase classname="com.qa.opencart.tests.AccountPageTest" name="accountPageURLTest" time="0.031"/>
  <testcase classname="com.qa.opencart.tests.AccountPageTest" name="isLogoutLinkExistTest" time="0.088"/>
  <testcase classname="com.qa.opencart.tests.AccountPageTest" name="isMyAccountLinkExistTest" time="0.049"/>
  <testcase classname="com.qa.opencart.tests.AccountPageTest" name="searchTest" time="6.013"/>
</testsuite> <!-- AccountPage Test  -->
