<?xml version="1.0" encoding="UTF-8"?>
<!-- Generated by org.testng.reporters.JUnitXMLReporter -->
<testsuite ignored="0" hostname="INNOIL00514" failures="0" tests="2" name="RegistrationPage Test " time="63.193" errors="0" timestamp="2026-01-03T20:07:15 IST">
  <testcase classname="com.qa.opencart.tests.RegistrationPageTest" name="userRegistrationPageTest" time="25.366"/>
  <testcase classname="com.qa.opencart.tests.RegistrationPageTest" name="userRegistrationPageTest" time="18.731"/>
</testsuite> <!-- RegistrationPage Test  -->
