<?xml version="1.0" encoding="UTF-8"?>
<!-- Generated by org.testng.reporters.JUnitXMLReporter -->
<testsuite ignored="0" hostname="INNOIL00514" failures="0" tests="4" name="SearchResultsPage Test " time="48.446" errors="0" timestamp="2026-01-03T20:07:00 IST">
  <testcase classname="com.qa.opencart.tests.SearchResultsPageTest" name="searchResultsCountTest" time="6.023"/>
  <testcase classname="com.qa.opencart.tests.SearchResultsPageTest" name="searchResultsCountTest" time="4.073"/>
  <testcase classname="com.qa.opencart.tests.SearchResultsPageTest" name="searchResultsCountTest" time="3.857"/>
  <testcase classname="com.qa.opencart.tests.SearchResultsPageTest" name="searchResultsTest" time="5.004"/>
</testsuite> <!-- SearchResultsPage Test  -->
