<?xml version="1.0" encoding="UTF-8"?>
<!-- Generated by org.testng.reporters.JUnitReportReporter -->
<testsuite hostname="INNOIL00514" failures="0" tests="2" name="com.qa.opencart.tests.RegistrationPageTest" time="44.097" errors="0" timestamp="2026-01-03T20:07:57 IST" skipped="0">
  <testcase classname="com.qa.opencart.tests.RegistrationPageTest" name="userRegistrationPageTest" time="25.366"/>
  <testcase classname="com.qa.opencart.tests.RegistrationPageTest" name="userRegistrationPageTest" time="18.731"/>
</testsuite> <!-- com.qa.opencart.tests.RegistrationPageTest -->
