<?xml version="1.0" encoding="UTF-8"?>
<!-- Generated by org.testng.reporters.JUnitReportReporter -->
<testsuite hostname="INNOIL00514" failures="0" tests="4" name="com.qa.opencart.tests.SearchResultsPageTest" time="18.957" errors="0" timestamp="2026-01-03T20:07:57 IST" skipped="0">
  <testcase classname="com.qa.opencart.tests.SearchResultsPageTest" name="searchResultsCountTest" time="3.857"/>
  <testcase classname="com.qa.opencart.tests.SearchResultsPageTest" name="searchResultsTest" time="5.004"/>
  <testcase classname="com.qa.opencart.tests.SearchResultsPageTest" name="searchResultsCountTest" time="4.073"/>
  <testcase classname="com.qa.opencart.tests.SearchResultsPageTest" name="searchResultsCountTest" time="6.023"/>
</testsuite> <!-- com.qa.opencart.tests.SearchResultsPageTest -->
